[0.087s] DEBUG:colcon:Command line arguments: ['/usr/bin/colcon', 'build', '--symlink-install']
[0.087s] DEBUG:colcon:Parsed command line arguments: Namespace(log_base=None, log_level=None, verb_name='build', build_base='build', install_base='install', merge_install=False, symlink_install=True, test_result_base=None, continue_on_error=False, executor='parallel', parallel_workers=8, event_handlers=None, ignore_user_meta=False, metas=['./colcon.meta'], base_paths=['.'], packages_ignore=None, packages_ignore_regex=None, paths=None, packages_up_to=None, packages_up_to_regex=None, packages_above=None, packages_above_and_dependencies=None, packages_above_depth=None, packages_select_by_dep=None, packages_skip_by_dep=None, packages_skip_up_to=None, packages_select_build_failed=False, packages_skip_build_finished=False, packages_select_test_failures=False, packages_skip_test_passed=False, packages_select=None, packages_skip=None, packages_select_regex=None, packages_skip_regex=None, packages_start=None, packages_end=None, allow_overriding=[], cmake_args=None, cmake_target=None, cmake_target_skip_unavailable=False, cmake_clean_cache=False, cmake_clean_first=False, cmake_force_configure=False, ament_cmake_args=None, catkin_cmake_args=None, catkin_skip_building_tests=False, mixin_files=None, mixin=None, verb_parser=<colcon_mixin.mixin.mixin_argument.MixinArgumentDecorator object at 0x730291866650>, verb_extension=<colcon_core.verb.build.BuildVerb object at 0x7302918660b0>, main=<bound method BuildVerb.main of <colcon_core.verb.build.BuildVerb object at 0x7302918660b0>>, mixin_verb=('build',))
[0.220s] Level 1:colcon.colcon_core.package_discovery:discover_packages(colcon_meta) check parameters
[0.221s] Level 1:colcon.colcon_core.package_discovery:discover_packages(recursive) check parameters
[0.221s] Level 1:colcon.colcon_core.package_discovery:discover_packages(ignore) check parameters
[0.221s] Level 1:colcon.colcon_core.package_discovery:discover_packages(path) check parameters
[0.221s] Level 1:colcon.colcon_core.package_discovery:discover_packages(colcon_meta) discover
[0.221s] Level 1:colcon.colcon_core.package_discovery:discover_packages(recursive) discover
[0.221s] INFO:colcon.colcon_core.package_discovery:Crawling recursively for packages in '/home/subhashini/dev_ws/src/bot_1705'
[0.221s] Level 1:colcon.colcon_core.package_identification:_identify(.) by extensions ['ignore', 'ignore_ament_install']
[0.221s] Level 1:colcon.colcon_core.package_identification:_identify(.) by extension 'ignore'
[0.221s] Level 1:colcon.colcon_core.package_identification:_identify(.) by extension 'ignore_ament_install'
[0.221s] Level 1:colcon.colcon_core.package_identification:_identify(.) by extensions ['colcon_pkg']
[0.221s] Level 1:colcon.colcon_core.package_identification:_identify(.) by extension 'colcon_pkg'
[0.221s] Level 1:colcon.colcon_core.package_identification:_identify(.) by extensions ['colcon_meta']
[0.221s] Level 1:colcon.colcon_core.package_identification:_identify(.) by extension 'colcon_meta'
[0.221s] Level 1:colcon.colcon_core.package_identification:_identify(.) by extensions ['ros']
[0.221s] Level 1:colcon.colcon_core.package_identification:_identify(.) by extension 'ros'
[0.231s] DEBUG:colcon.colcon_core.package_identification:Package '.' with type 'ros.ament_cmake' and name 'bot_1705'
[0.231s] Level 1:colcon.colcon_core.package_discovery:discover_packages(recursive) using defaults
[0.231s] Level 1:colcon.colcon_core.package_discovery:discover_packages(ignore) discover
[0.231s] Level 1:colcon.colcon_core.package_discovery:discover_packages(ignore) using defaults
[0.231s] Level 1:colcon.colcon_core.package_discovery:discover_packages(path) discover
[0.231s] Level 1:colcon.colcon_core.package_discovery:discover_packages(path) using defaults
[0.254s] Level 1:colcon.colcon_core.package_discovery:discover_packages(prefix_path) check parameters
[0.254s] Level 1:colcon.colcon_core.package_discovery:discover_packages(prefix_path) discover
[0.255s] DEBUG:colcon.colcon_installed_package_information.package_discovery:Found 3 installed packages in /home/subhashini/dev_ws/install
[0.257s] DEBUG:colcon.colcon_installed_package_information.package_discovery:Found 326 installed packages in /opt/ros/humble
[0.258s] Level 1:colcon.colcon_core.package_discovery:discover_packages(prefix_path) using defaults
[0.290s] Level 5:colcon.colcon_core.verb:set package 'bot_1705' build argument 'cmake_args' from command line to 'None'
[0.290s] Level 5:colcon.colcon_core.verb:set package 'bot_1705' build argument 'cmake_target' from command line to 'None'
[0.290s] Level 5:colcon.colcon_core.verb:set package 'bot_1705' build argument 'cmake_target_skip_unavailable' from command line to 'False'
[0.290s] Level 5:colcon.colcon_core.verb:set package 'bot_1705' build argument 'cmake_clean_cache' from command line to 'False'
[0.290s] Level 5:colcon.colcon_core.verb:set package 'bot_1705' build argument 'cmake_clean_first' from command line to 'False'
[0.290s] Level 5:colcon.colcon_core.verb:set package 'bot_1705' build argument 'cmake_force_configure' from command line to 'False'
[0.290s] Level 5:colcon.colcon_core.verb:set package 'bot_1705' build argument 'ament_cmake_args' from command line to 'None'
[0.290s] Level 5:colcon.colcon_core.verb:set package 'bot_1705' build argument 'catkin_cmake_args' from command line to 'None'
[0.290s] Level 5:colcon.colcon_core.verb:set package 'bot_1705' build argument 'catkin_skip_building_tests' from command line to 'False'
[0.290s] DEBUG:colcon.colcon_core.verb:Building package 'bot_1705' with the following arguments: {'ament_cmake_args': None, 'build_base': '/home/subhashini/dev_ws/src/bot_1705/build/bot_1705', 'catkin_cmake_args': None, 'catkin_skip_building_tests': False, 'cmake_args': None, 'cmake_clean_cache': False, 'cmake_clean_first': False, 'cmake_force_configure': False, 'cmake_target': None, 'cmake_target_skip_unavailable': False, 'install_base': '/home/subhashini/dev_ws/src/bot_1705/install/bot_1705', 'merge_install': False, 'path': '/home/subhashini/dev_ws/src/bot_1705', 'symlink_install': True, 'test_result_base': None}
[0.291s] INFO:colcon.colcon_core.executor:Executing jobs using 'parallel' executor
[0.291s] DEBUG:colcon.colcon_parallel_executor.executor.parallel:run_until_complete
[0.291s] INFO:colcon.colcon_ros.task.ament_cmake.build:Building ROS package in '/home/subhashini/dev_ws/src/bot_1705' with build type 'ament_cmake'
[0.291s] INFO:colcon.colcon_cmake.task.cmake.build:Building CMake package in '/home/subhashini/dev_ws/src/bot_1705'
[0.293s] INFO:colcon.colcon_core.plugin_system:Skipping extension 'colcon_core.shell.bat': Not used on non-Windows systems
[0.293s] INFO:colcon.colcon_core.shell:Skip shell extension 'powershell' for command environment: Not usable outside of PowerShell
[0.293s] DEBUG:colcon.colcon_core.shell:Skip shell extension 'dsv' for command environment
[0.299s] DEBUG:colcon.colcon_core.event_handler.log_command:Invoking command in '/home/subhashini/dev_ws/src/bot_1705/build/bot_1705': CMAKE_PREFIX_PATH=${CMAKE_PREFIX_PATH}:/home/subhashini/dev_ws/install/serial_motor_demo:/opt/ros/humble /usr/bin/cmake /home/subhashini/dev_ws/src/bot_1705 -DAMENT_CMAKE_SYMLINK_INSTALL=1 -DCMAKE_INSTALL_PREFIX=/home/subhashini/dev_ws/src/bot_1705/install/bot_1705
[0.905s] DEBUG:colcon.colcon_core.event_handler.log_command:Invoked command in '/home/subhashini/dev_ws/src/bot_1705/build/bot_1705' returned '0': CMAKE_PREFIX_PATH=${CMAKE_PREFIX_PATH}:/home/subhashini/dev_ws/install/serial_motor_demo:/opt/ros/humble /usr/bin/cmake /home/subhashini/dev_ws/src/bot_1705 -DAMENT_CMAKE_SYMLINK_INSTALL=1 -DCMAKE_INSTALL_PREFIX=/home/subhashini/dev_ws/src/bot_1705/install/bot_1705
[0.906s] DEBUG:colcon.colcon_core.event_handler.log_command:Invoking command in '/home/subhashini/dev_ws/src/bot_1705/build/bot_1705': CMAKE_PREFIX_PATH=${CMAKE_PREFIX_PATH}:/home/subhashini/dev_ws/install/serial_motor_demo:/opt/ros/humble /usr/bin/cmake --build /home/subhashini/dev_ws/src/bot_1705/build/bot_1705 -- -j8 -l8
[0.932s] DEBUG:colcon.colcon_core.event_handler.log_command:Invoked command in '/home/subhashini/dev_ws/src/bot_1705/build/bot_1705' returned '0': CMAKE_PREFIX_PATH=${CMAKE_PREFIX_PATH}:/home/subhashini/dev_ws/install/serial_motor_demo:/opt/ros/humble /usr/bin/cmake --build /home/subhashini/dev_ws/src/bot_1705/build/bot_1705 -- -j8 -l8
[0.938s] DEBUG:colcon.colcon_core.event_handler.log_command:Invoking command in '/home/subhashini/dev_ws/src/bot_1705/build/bot_1705': CMAKE_PREFIX_PATH=${CMAKE_PREFIX_PATH}:/home/subhashini/dev_ws/install/serial_motor_demo:/opt/ros/humble /usr/bin/cmake --install /home/subhashini/dev_ws/src/bot_1705/build/bot_1705
[1.109s] Level 1:colcon.colcon_core.environment:create_environment_scripts_only(bot_1705)
[1.109s] DEBUG:colcon.colcon_core.event_handler.log_command:Invoked command in '/home/subhashini/dev_ws/src/bot_1705/build/bot_1705' returned '0': CMAKE_PREFIX_PATH=${CMAKE_PREFIX_PATH}:/home/subhashini/dev_ws/install/serial_motor_demo:/opt/ros/humble /usr/bin/cmake --install /home/subhashini/dev_ws/src/bot_1705/build/bot_1705
[1.111s] Level 1:colcon.colcon_core.environment:checking '/home/subhashini/dev_ws/src/bot_1705/install/bot_1705' for CMake module files
[1.112s] Level 1:colcon.colcon_core.environment:checking '/home/subhashini/dev_ws/src/bot_1705/install/bot_1705' for CMake config files
[1.112s] Level 1:colcon.colcon_core.shell:create_environment_hook('bot_1705', 'cmake_prefix_path')
[1.112s] INFO:colcon.colcon_core.shell:Creating environment hook '/home/subhashini/dev_ws/src/bot_1705/install/bot_1705/share/bot_1705/hook/cmake_prefix_path.ps1'
[1.112s] INFO:colcon.colcon_core.shell:Creating environment descriptor '/home/subhashini/dev_ws/src/bot_1705/install/bot_1705/share/bot_1705/hook/cmake_prefix_path.dsv'
[1.113s] INFO:colcon.colcon_core.shell:Creating environment hook '/home/subhashini/dev_ws/src/bot_1705/install/bot_1705/share/bot_1705/hook/cmake_prefix_path.sh'
[1.113s] Level 1:colcon.colcon_core.environment:checking '/home/subhashini/dev_ws/src/bot_1705/install/bot_1705/bin'
[1.113s] Level 1:colcon.colcon_core.environment:checking '/home/subhashini/dev_ws/src/bot_1705/install/bot_1705/lib/pkgconfig/bot_1705.pc'
[1.114s] Level 1:colcon.colcon_core.environment:checking '/home/subhashini/dev_ws/src/bot_1705/install/bot_1705/lib/python3.10/site-packages'
[1.114s] Level 1:colcon.colcon_core.environment:checking '/home/subhashini/dev_ws/src/bot_1705/install/bot_1705/bin'
[1.114s] INFO:colcon.colcon_core.shell:Creating package script '/home/subhashini/dev_ws/src/bot_1705/install/bot_1705/share/bot_1705/package.ps1'
[1.115s] INFO:colcon.colcon_core.shell:Creating package descriptor '/home/subhashini/dev_ws/src/bot_1705/install/bot_1705/share/bot_1705/package.dsv'
[1.115s] INFO:colcon.colcon_core.shell:Creating package script '/home/subhashini/dev_ws/src/bot_1705/install/bot_1705/share/bot_1705/package.sh'
[1.115s] INFO:colcon.colcon_core.shell:Creating package script '/home/subhashini/dev_ws/src/bot_1705/install/bot_1705/share/bot_1705/package.bash'
[1.116s] INFO:colcon.colcon_core.shell:Creating package script '/home/subhashini/dev_ws/src/bot_1705/install/bot_1705/share/bot_1705/package.zsh'
[1.116s] Level 1:colcon.colcon_core.environment:create_file_with_runtime_dependencies(/home/subhashini/dev_ws/src/bot_1705/install/bot_1705/share/colcon-core/packages/bot_1705)
[1.117s] Level 1:colcon.colcon_core.environment:create_environment_scripts_only(bot_1705)
[1.117s] Level 1:colcon.colcon_core.environment:checking '/home/subhashini/dev_ws/src/bot_1705/install/bot_1705' for CMake module files
[1.117s] Level 1:colcon.colcon_core.environment:checking '/home/subhashini/dev_ws/src/bot_1705/install/bot_1705' for CMake config files
[1.118s] Level 1:colcon.colcon_core.shell:create_environment_hook('bot_1705', 'cmake_prefix_path')
[1.118s] INFO:colcon.colcon_core.shell:Creating environment hook '/home/subhashini/dev_ws/src/bot_1705/install/bot_1705/share/bot_1705/hook/cmake_prefix_path.ps1'
[1.118s] INFO:colcon.colcon_core.shell:Creating environment descriptor '/home/subhashini/dev_ws/src/bot_1705/install/bot_1705/share/bot_1705/hook/cmake_prefix_path.dsv'
[1.119s] INFO:colcon.colcon_core.shell:Creating environment hook '/home/subhashini/dev_ws/src/bot_1705/install/bot_1705/share/bot_1705/hook/cmake_prefix_path.sh'
[1.119s] Level 1:colcon.colcon_core.environment:checking '/home/subhashini/dev_ws/src/bot_1705/install/bot_1705/bin'
[1.119s] Level 1:colcon.colcon_core.environment:checking '/home/subhashini/dev_ws/src/bot_1705/install/bot_1705/lib/pkgconfig/bot_1705.pc'
[1.119s] Level 1:colcon.colcon_core.environment:checking '/home/subhashini/dev_ws/src/bot_1705/install/bot_1705/lib/python3.10/site-packages'
[1.120s] Level 1:colcon.colcon_core.environment:checking '/home/subhashini/dev_ws/src/bot_1705/install/bot_1705/bin'
[1.120s] INFO:colcon.colcon_core.shell:Creating package script '/home/subhashini/dev_ws/src/bot_1705/install/bot_1705/share/bot_1705/package.ps1'
[1.120s] INFO:colcon.colcon_core.shell:Creating package descriptor '/home/subhashini/dev_ws/src/bot_1705/install/bot_1705/share/bot_1705/package.dsv'
[1.121s] INFO:colcon.colcon_core.shell:Creating package script '/home/subhashini/dev_ws/src/bot_1705/install/bot_1705/share/bot_1705/package.sh'
[1.121s] INFO:colcon.colcon_core.shell:Creating package script '/home/subhashini/dev_ws/src/bot_1705/install/bot_1705/share/bot_1705/package.bash'
[1.121s] INFO:colcon.colcon_core.shell:Creating package script '/home/subhashini/dev_ws/src/bot_1705/install/bot_1705/share/bot_1705/package.zsh'
[1.122s] Level 1:colcon.colcon_core.environment:create_file_with_runtime_dependencies(/home/subhashini/dev_ws/src/bot_1705/install/bot_1705/share/colcon-core/packages/bot_1705)
[1.122s] DEBUG:colcon.colcon_parallel_executor.executor.parallel:closing loop
[1.122s] DEBUG:colcon.colcon_parallel_executor.executor.parallel:loop closed
[1.122s] DEBUG:colcon.colcon_parallel_executor.executor.parallel:run_until_complete finished with '0'
[1.122s] DEBUG:colcon.colcon_core.event_reactor:joining thread
[1.126s] INFO:colcon.colcon_core.plugin_system:Skipping extension 'colcon_notification.desktop_notification.terminal_notifier': Not used on non-Darwin systems
[1.126s] INFO:colcon.colcon_core.plugin_system:Skipping extension 'colcon_notification.desktop_notification.win32': Not used on non-Windows systems
[1.126s] INFO:colcon.colcon_notification.desktop_notification:Sending desktop notification using 'notify2'
[1.134s] DEBUG:colcon.colcon_core.event_reactor:joined thread
[1.134s] INFO:colcon.colcon_core.shell:Creating prefix script '/home/subhashini/dev_ws/src/bot_1705/install/local_setup.ps1'
[1.135s] INFO:colcon.colcon_core.shell:Creating prefix util module '/home/subhashini/dev_ws/src/bot_1705/install/_local_setup_util_ps1.py'
[1.136s] INFO:colcon.colcon_core.shell:Creating prefix chain script '/home/subhashini/dev_ws/src/bot_1705/install/setup.ps1'
[1.138s] INFO:colcon.colcon_core.shell:Creating prefix script '/home/subhashini/dev_ws/src/bot_1705/install/local_setup.sh'
[1.138s] INFO:colcon.colcon_core.shell:Creating prefix util module '/home/subhashini/dev_ws/src/bot_1705/install/_local_setup_util_sh.py'
[1.139s] INFO:colcon.colcon_core.shell:Creating prefix chain script '/home/subhashini/dev_ws/src/bot_1705/install/setup.sh'
[1.140s] INFO:colcon.colcon_core.shell:Creating prefix script '/home/subhashini/dev_ws/src/bot_1705/install/local_setup.bash'
[1.140s] INFO:colcon.colcon_core.shell:Creating prefix chain script '/home/subhashini/dev_ws/src/bot_1705/install/setup.bash'
[1.141s] INFO:colcon.colcon_core.shell:Creating prefix script '/home/subhashini/dev_ws/src/bot_1705/install/local_setup.zsh'
[1.142s] INFO:colcon.colcon_core.shell:Creating prefix chain script '/home/subhashini/dev_ws/src/bot_1705/install/setup.zsh'
