[0.012s] Invoking command in '/home/subhashini/dev_ws/src/bot_1705/build/bot_1705': CMAKE_PREFIX_PATH=${CMAKE_PREFIX_PATH}:/opt/ros/humble /usr/bin/cmake /home/subhashini/dev_ws/src/bot_1705 -DAMENT_CMAKE_SYMLINK_INSTALL=1 -DCMAKE_INSTALL_PREFIX=/home/subhashini/dev_ws/src/bot_1705/install/bot_1705
[0.025s] -- Found ament_cmake: 1.3.11 (/opt/ros/humble/share/ament_cmake/cmake)
[0.137s] -- Override CMake install command with custom implementation using symlinks instead of copying resources
[0.146s] -- Found ament_lint_auto: 0.12.12 (/opt/ros/humble/share/ament_lint_auto/cmake)
[0.211s] -- Added test 'copyright' to check source files copyright and LICENSE
[0.227s] -- Added test 'cppcheck' to perform static code analysis on C / C++ code
[0.227s] -- Configured cppcheck include dirs: 
[0.227s] -- Configured cppcheck exclude dirs and/or files: 
[0.242s] -- Added test 'cpplint' to check C / C++ code against the Google style
[0.242s] -- Configured cpplint exclude dirs and/or files: 
[0.244s] -- Added test 'flake8' to check Python code syntax and style conventions
[0.247s] -- Added test 'lint_cmake' to check CMake code style
[0.249s] -- Added test 'pep257' to check Python code against some of the docstring style conventions in PEP 257
[0.266s] -- Added test 'uncrustify' to check C / C++ code style
[0.266s] -- Configured uncrustify additional arguments: 
[0.269s] -- Added test 'xmllint' to check XML markup files
[0.272s] -- Configuring done
[0.278s] -- Generating done
[0.281s] -- Build files have been written to: /home/subhashini/dev_ws/src/bot_1705/build/bot_1705
[0.285s] Invoked command in '/home/subhashini/dev_ws/src/bot_1705/build/bot_1705' returned '0': CMAKE_PREFIX_PATH=${CMAKE_PREFIX_PATH}:/opt/ros/humble /usr/bin/cmake /home/subhashini/dev_ws/src/bot_1705 -DAMENT_CMAKE_SYMLINK_INSTALL=1 -DCMAKE_INSTALL_PREFIX=/home/subhashini/dev_ws/src/bot_1705/install/bot_1705
[0.288s] Invoking command in '/home/subhashini/dev_ws/src/bot_1705/build/bot_1705': CMAKE_PREFIX_PATH=${CMAKE_PREFIX_PATH}:/opt/ros/humble /usr/bin/cmake --build /home/subhashini/dev_ws/src/bot_1705/build/bot_1705 -- -j8 -l8
[0.330s] Invoked command in '/home/subhashini/dev_ws/src/bot_1705/build/bot_1705' returned '0': CMAKE_PREFIX_PATH=${CMAKE_PREFIX_PATH}:/opt/ros/humble /usr/bin/cmake --build /home/subhashini/dev_ws/src/bot_1705/build/bot_1705 -- -j8 -l8
[0.343s] Invoking command in '/home/subhashini/dev_ws/src/bot_1705/build/bot_1705': CMAKE_PREFIX_PATH=${CMAKE_PREFIX_PATH}:/opt/ros/humble /usr/bin/cmake --install /home/subhashini/dev_ws/src/bot_1705/build/bot_1705
[0.351s] -- Install configuration: ""
[0.351s] -- Execute custom install script
[0.352s] -- Up-to-date symlink: /home/subhashini/dev_ws/src/bot_1705/install/bot_1705/share/bot_1705/config/drive_bot.rviz
[0.352s] -- Up-to-date symlink: /home/subhashini/dev_ws/src/bot_1705/install/bot_1705/share/bot_1705/config/empty.yaml
[0.353s] -- Symlinking: /home/subhashini/dev_ws/src/bot_1705/install/bot_1705/share/bot_1705/config/gaz_ros2_ctl_use_sim.yaml
[0.362s] -- Symlinking: /home/subhashini/dev_ws/src/bot_1705/install/bot_1705/share/bot_1705/config/gazebo_params.yaml
[0.371s] -- Symlinking: /home/subhashini/dev_ws/src/bot_1705/install/bot_1705/share/bot_1705/config/joystick.yaml
[0.380s] -- Symlinking: /home/subhashini/dev_ws/src/bot_1705/install/bot_1705/share/bot_1705/config/main.rviz
[0.390s] -- Up-to-date symlink: /home/subhashini/dev_ws/src/bot_1705/install/bot_1705/share/bot_1705/config/mapper_params_online_async.yaml
[0.390s] -- Symlinking: /home/subhashini/dev_ws/src/bot_1705/install/bot_1705/share/bot_1705/config/my_controllers.yaml
[0.400s] -- Symlinking: /home/subhashini/dev_ws/src/bot_1705/install/bot_1705/share/bot_1705/config/nav2_params.yaml
[0.409s] -- Symlinking: /home/subhashini/dev_ws/src/bot_1705/install/bot_1705/share/bot_1705/config/twist_mux.yaml
[0.417s] -- Up-to-date symlink: /home/subhashini/dev_ws/src/bot_1705/install/bot_1705/share/bot_1705/config/view_bot.rviz
[0.417s] -- Up-to-date symlink: /home/subhashini/dev_ws/src/bot_1705/install/bot_1705/share/bot_1705/description/gazebo_control.xacro
[0.417s] -- Up-to-date symlink: /home/subhashini/dev_ws/src/bot_1705/install/bot_1705/share/bot_1705/description/inertial_macros.xacro
[0.417s] -- Up-to-date symlink: /home/subhashini/dev_ws/src/bot_1705/install/bot_1705/share/bot_1705/description/lidar.xacro
[0.418s] -- Up-to-date symlink: /home/subhashini/dev_ws/src/bot_1705/install/bot_1705/share/bot_1705/description/robot.urdf.xacro
[0.418s] -- Up-to-date symlink: /home/subhashini/dev_ws/src/bot_1705/install/bot_1705/share/bot_1705/description/robot_core.xacro
[0.418s] -- Symlinking: /home/subhashini/dev_ws/src/bot_1705/install/bot_1705/share/bot_1705/description/ros2_control.xacro
[0.426s] -- Symlinking: /home/subhashini/dev_ws/src/bot_1705/install/bot_1705/share/bot_1705/launch/joystick.launch.py
[0.434s] -- Symlinking: /home/subhashini/dev_ws/src/bot_1705/install/bot_1705/share/bot_1705/launch/launch_robot.launch.py
[0.442s] -- Up-to-date symlink: /home/subhashini/dev_ws/src/bot_1705/install/bot_1705/share/bot_1705/launch/launch_sim.launch.py
[0.442s] -- Symlinking: /home/subhashini/dev_ws/src/bot_1705/install/bot_1705/share/bot_1705/launch/localization_launch.py
[0.450s] -- Symlinking: /home/subhashini/dev_ws/src/bot_1705/install/bot_1705/share/bot_1705/launch/navigation_launch.py
[0.457s] -- Symlinking: /home/subhashini/dev_ws/src/bot_1705/install/bot_1705/share/bot_1705/launch/online_async_launch.py
[0.463s] -- Up-to-date symlink: /home/subhashini/dev_ws/src/bot_1705/install/bot_1705/share/bot_1705/launch/rsp.launch.py
[0.464s] -- Up-to-date symlink: /home/subhashini/dev_ws/src/bot_1705/install/bot_1705/share/bot_1705/worlds/empty.world
[0.464s] -- Up-to-date symlink: /home/subhashini/dev_ws/src/bot_1705/install/bot_1705/share/bot_1705/worlds/obstacles.world
[0.464s] -- Up-to-date symlink: /home/subhashini/dev_ws/src/bot_1705/install/bot_1705/share/ament_index/resource_index/package_run_dependencies/bot_1705
[0.464s] -- Up-to-date symlink: /home/subhashini/dev_ws/src/bot_1705/install/bot_1705/share/ament_index/resource_index/parent_prefix_path/bot_1705
[0.465s] -- Up-to-date symlink: /home/subhashini/dev_ws/src/bot_1705/install/bot_1705/share/bot_1705/environment/ament_prefix_path.sh
[0.465s] -- Up-to-date symlink: /home/subhashini/dev_ws/src/bot_1705/install/bot_1705/share/bot_1705/environment/ament_prefix_path.dsv
[0.465s] -- Up-to-date symlink: /home/subhashini/dev_ws/src/bot_1705/install/bot_1705/share/bot_1705/environment/path.sh
[0.466s] -- Up-to-date symlink: /home/subhashini/dev_ws/src/bot_1705/install/bot_1705/share/bot_1705/environment/path.dsv
[0.466s] -- Up-to-date symlink: /home/subhashini/dev_ws/src/bot_1705/install/bot_1705/share/bot_1705/local_setup.bash
[0.466s] -- Up-to-date symlink: /home/subhashini/dev_ws/src/bot_1705/install/bot_1705/share/bot_1705/local_setup.sh
[0.466s] -- Up-to-date symlink: /home/subhashini/dev_ws/src/bot_1705/install/bot_1705/share/bot_1705/local_setup.zsh
[0.467s] -- Up-to-date symlink: /home/subhashini/dev_ws/src/bot_1705/install/bot_1705/share/bot_1705/local_setup.dsv
[0.467s] -- Symlinking: /home/subhashini/dev_ws/src/bot_1705/install/bot_1705/share/bot_1705/package.dsv
[0.475s] -- Up-to-date symlink: /home/subhashini/dev_ws/src/bot_1705/install/bot_1705/share/ament_index/resource_index/packages/bot_1705
[0.475s] -- Up-to-date symlink: /home/subhashini/dev_ws/src/bot_1705/install/bot_1705/share/bot_1705/cmake/bot_1705Config.cmake
[0.475s] -- Up-to-date symlink: /home/subhashini/dev_ws/src/bot_1705/install/bot_1705/share/bot_1705/cmake/bot_1705Config-version.cmake
[0.476s] -- Up-to-date symlink: /home/subhashini/dev_ws/src/bot_1705/install/bot_1705/share/bot_1705/package.xml
[0.478s] Invoked command in '/home/subhashini/dev_ws/src/bot_1705/build/bot_1705' returned '0': CMAKE_PREFIX_PATH=${CMAKE_PREFIX_PATH}:/opt/ros/humble /usr/bin/cmake --install /home/subhashini/dev_ws/src/bot_1705/build/bot_1705
