[0.014s] Invoking command in '/home/subhashini/dev_ws/src/bot_1705/build/bot_1705': CMAKE_PREFIX_PATH=${CMAKE_PREFIX_PATH}:/opt/ros/humble /usr/bin/cmake /home/subhashini/dev_ws/src/bot_1705 -DAMENT_CMAKE_SYMLINK_INSTALL=1 -DCMAKE_INSTALL_PREFIX=/home/subhashini/dev_ws/src/bot_1705/install/bot_1705
[0.028s] -- Found ament_cmake: 1.3.11 (/opt/ros/humble/share/ament_cmake/cmake)
[0.150s] -- Override CMake install command with custom implementation using symlinks instead of copying resources
[0.166s] -- Found ament_lint_auto: 0.12.12 (/opt/ros/humble/share/ament_lint_auto/cmake)
[0.233s] -- Added test 'copyright' to check source files copyright and LICENSE
[0.244s] -- Added test 'cppcheck' to perform static code analysis on C / C++ code
[0.244s] -- Configured cppcheck include dirs: 
[0.244s] -- Configured cppcheck exclude dirs and/or files: 
[0.253s] -- Added test 'cpplint' to check C / C++ code against the Google style
[0.253s] -- Configured cpplint exclude dirs and/or files: 
[0.255s] -- Added test 'flake8' to check Python code syntax and style conventions
[0.258s] -- Added test 'lint_cmake' to check CMake code style
[0.260s] -- Added test 'pep257' to check Python code against some of the docstring style conventions in PEP 257
[0.270s] -- Added test 'uncrustify' to check C / C++ code style
[0.270s] -- Configured uncrustify additional arguments: 
[0.271s] -- Added test 'xmllint' to check XML markup files
[0.273s] -- Configuring done
[0.276s] -- Generating done
[0.278s] -- Build files have been written to: /home/subhashini/dev_ws/src/bot_1705/build/bot_1705
[0.281s] Invoked command in '/home/subhashini/dev_ws/src/bot_1705/build/bot_1705' returned '0': CMAKE_PREFIX_PATH=${CMAKE_PREFIX_PATH}:/opt/ros/humble /usr/bin/cmake /home/subhashini/dev_ws/src/bot_1705 -DAMENT_CMAKE_SYMLINK_INSTALL=1 -DCMAKE_INSTALL_PREFIX=/home/subhashini/dev_ws/src/bot_1705/install/bot_1705
[0.283s] Invoking command in '/home/subhashini/dev_ws/src/bot_1705/build/bot_1705': CMAKE_PREFIX_PATH=${CMAKE_PREFIX_PATH}:/opt/ros/humble /usr/bin/cmake --build /home/subhashini/dev_ws/src/bot_1705/build/bot_1705 -- -j8 -l8
[0.314s] Invoked command in '/home/subhashini/dev_ws/src/bot_1705/build/bot_1705' returned '0': CMAKE_PREFIX_PATH=${CMAKE_PREFIX_PATH}:/opt/ros/humble /usr/bin/cmake --build /home/subhashini/dev_ws/src/bot_1705/build/bot_1705 -- -j8 -l8
[0.323s] Invoking command in '/home/subhashini/dev_ws/src/bot_1705/build/bot_1705': CMAKE_PREFIX_PATH=${CMAKE_PREFIX_PATH}:/opt/ros/humble /usr/bin/cmake --install /home/subhashini/dev_ws/src/bot_1705/build/bot_1705
[0.330s] -- Install configuration: ""
[0.330s] -- Execute custom install script
[0.331s] -- Up-to-date symlink: /home/subhashini/dev_ws/src/bot_1705/install/bot_1705/share/bot_1705/config/drive_bot.rviz
[0.331s] -- Up-to-date symlink: /home/subhashini/dev_ws/src/bot_1705/install/bot_1705/share/bot_1705/config/empty.yaml
[0.331s] -- Symlinking: /home/subhashini/dev_ws/src/bot_1705/install/bot_1705/share/bot_1705/config/mapper_params_online_async.yaml
[0.340s] -- Up-to-date symlink: /home/subhashini/dev_ws/src/bot_1705/install/bot_1705/share/bot_1705/config/view_bot.rviz
[0.340s] -- Up-to-date symlink: /home/subhashini/dev_ws/src/bot_1705/install/bot_1705/share/bot_1705/description/gazebo_control.xacro
[0.340s] -- Up-to-date symlink: /home/subhashini/dev_ws/src/bot_1705/install/bot_1705/share/bot_1705/description/inertial_macros.xacro
[0.341s] -- Up-to-date symlink: /home/subhashini/dev_ws/src/bot_1705/install/bot_1705/share/bot_1705/description/lidar.xacro
[0.341s] -- Up-to-date symlink: /home/subhashini/dev_ws/src/bot_1705/install/bot_1705/share/bot_1705/description/robot.urdf.xacro
[0.341s] -- Up-to-date symlink: /home/subhashini/dev_ws/src/bot_1705/install/bot_1705/share/bot_1705/description/robot_core.xacro
[0.341s] -- Up-to-date symlink: /home/subhashini/dev_ws/src/bot_1705/install/bot_1705/share/bot_1705/launch/launch_sim.launch.py
[0.341s] -- Up-to-date symlink: /home/subhashini/dev_ws/src/bot_1705/install/bot_1705/share/bot_1705/launch/rsp.launch.py
[0.341s] -- Up-to-date symlink: /home/subhashini/dev_ws/src/bot_1705/install/bot_1705/share/bot_1705/worlds/empty.world
[0.341s] -- Up-to-date symlink: /home/subhashini/dev_ws/src/bot_1705/install/bot_1705/share/bot_1705/worlds/obstacles.world
[0.342s] -- Up-to-date symlink: /home/subhashini/dev_ws/src/bot_1705/install/bot_1705/share/ament_index/resource_index/package_run_dependencies/bot_1705
[0.342s] -- Up-to-date symlink: /home/subhashini/dev_ws/src/bot_1705/install/bot_1705/share/ament_index/resource_index/parent_prefix_path/bot_1705
[0.342s] -- Up-to-date symlink: /home/subhashini/dev_ws/src/bot_1705/install/bot_1705/share/bot_1705/environment/ament_prefix_path.sh
[0.342s] -- Up-to-date symlink: /home/subhashini/dev_ws/src/bot_1705/install/bot_1705/share/bot_1705/environment/ament_prefix_path.dsv
[0.342s] -- Up-to-date symlink: /home/subhashini/dev_ws/src/bot_1705/install/bot_1705/share/bot_1705/environment/path.sh
[0.343s] -- Up-to-date symlink: /home/subhashini/dev_ws/src/bot_1705/install/bot_1705/share/bot_1705/environment/path.dsv
[0.343s] -- Up-to-date symlink: /home/subhashini/dev_ws/src/bot_1705/install/bot_1705/share/bot_1705/local_setup.bash
[0.343s] -- Up-to-date symlink: /home/subhashini/dev_ws/src/bot_1705/install/bot_1705/share/bot_1705/local_setup.sh
[0.343s] -- Up-to-date symlink: /home/subhashini/dev_ws/src/bot_1705/install/bot_1705/share/bot_1705/local_setup.zsh
[0.343s] -- Up-to-date symlink: /home/subhashini/dev_ws/src/bot_1705/install/bot_1705/share/bot_1705/local_setup.dsv
[0.343s] -- Symlinking: /home/subhashini/dev_ws/src/bot_1705/install/bot_1705/share/bot_1705/package.dsv
[0.353s] -- Up-to-date symlink: /home/subhashini/dev_ws/src/bot_1705/install/bot_1705/share/ament_index/resource_index/packages/bot_1705
[0.353s] -- Up-to-date symlink: /home/subhashini/dev_ws/src/bot_1705/install/bot_1705/share/bot_1705/cmake/bot_1705Config.cmake
[0.353s] -- Up-to-date symlink: /home/subhashini/dev_ws/src/bot_1705/install/bot_1705/share/bot_1705/cmake/bot_1705Config-version.cmake
[0.354s] -- Up-to-date symlink: /home/subhashini/dev_ws/src/bot_1705/install/bot_1705/share/bot_1705/package.xml
[0.356s] Invoked command in '/home/subhashini/dev_ws/src/bot_1705/build/bot_1705' returned '0': CMAKE_PREFIX_PATH=${CMAKE_PREFIX_PATH}:/opt/ros/humble /usr/bin/cmake --install /home/subhashini/dev_ws/src/bot_1705/build/bot_1705
