[0.084s] DEBUG:colcon:Command line arguments: ['/usr/bin/colcon', 'build']
[0.084s] DEBUG:colcon:Parsed command line arguments: Namespace(log_base=None, log_level=None, verb_name='build', build_base='build', install_base='install', merge_install=False, symlink_install=False, test_result_base=None, continue_on_error=False, executor='parallel', parallel_workers=8, event_handlers=None, ignore_user_meta=False, metas=['./colcon.meta'], base_paths=['.'], packages_ignore=None, packages_ignore_regex=None, paths=None, packages_up_to=None, packages_up_to_regex=None, packages_above=None, packages_above_and_dependencies=None, packages_above_depth=None, packages_select_by_dep=None, packages_skip_by_dep=None, packages_skip_up_to=None, packages_select_build_failed=False, packages_skip_build_finished=False, packages_select_test_failures=False, packages_skip_test_passed=False, packages_select=None, packages_skip=None, packages_select_regex=None, packages_skip_regex=None, packages_start=None, packages_end=None, allow_overriding=[], cmake_args=None, cmake_target=None, cmake_target_skip_unavailable=False, cmake_clean_cache=False, cmake_clean_first=False, cmake_force_configure=False, ament_cmake_args=None, catkin_cmake_args=None, catkin_skip_building_tests=False, mixin_files=None, mixin=None, verb_parser=<colcon_mixin.mixin.mixin_argument.MixinArgumentDecorator object at 0x715ec4a6d960>, verb_extension=<colcon_core.verb.build.BuildVerb object at 0x715ec4a6d390>, main=<bound method BuildVerb.main of <colcon_core.verb.build.BuildVerb object at 0x715ec4a6d390>>, mixin_verb=('build',))
[0.215s] Level 1:colcon.colcon_core.package_discovery:discover_packages(colcon_meta) check parameters
[0.216s] Level 1:colcon.colcon_core.package_discovery:discover_packages(recursive) check parameters
[0.216s] Level 1:colcon.colcon_core.package_discovery:discover_packages(ignore) check parameters
[0.216s] Level 1:colcon.colcon_core.package_discovery:discover_packages(path) check parameters
[0.216s] Level 1:colcon.colcon_core.package_discovery:discover_packages(colcon_meta) discover
[0.216s] Level 1:colcon.colcon_core.package_discovery:discover_packages(recursive) discover
[0.216s] INFO:colcon.colcon_core.package_discovery:Crawling recursively for packages in '/home/subhashini/dev_ws/src/bot_1705'
[0.216s] Level 1:colcon.colcon_core.package_identification:_identify(.) by extensions ['ignore', 'ignore_ament_install']
[0.216s] Level 1:colcon.colcon_core.package_identification:_identify(.) by extension 'ignore'
[0.216s] Level 1:colcon.colcon_core.package_identification:_identify(.) by extension 'ignore_ament_install'
[0.216s] Level 1:colcon.colcon_core.package_identification:_identify(.) by extensions ['colcon_pkg']
[0.216s] Level 1:colcon.colcon_core.package_identification:_identify(.) by extension 'colcon_pkg'
[0.216s] Level 1:colcon.colcon_core.package_identification:_identify(.) by extensions ['colcon_meta']
[0.216s] Level 1:colcon.colcon_core.package_identification:_identify(.) by extension 'colcon_meta'
[0.216s] Level 1:colcon.colcon_core.package_identification:_identify(.) by extensions ['ros']
[0.216s] Level 1:colcon.colcon_core.package_identification:_identify(.) by extension 'ros'
[0.226s] DEBUG:colcon.colcon_core.package_identification:Package '.' with type 'ros.ament_cmake' and name 'bot_1705'
[0.226s] Level 1:colcon.colcon_core.package_discovery:discover_packages(recursive) using defaults
[0.226s] Level 1:colcon.colcon_core.package_discovery:discover_packages(ignore) discover
[0.226s] Level 1:colcon.colcon_core.package_discovery:discover_packages(ignore) using defaults
[0.226s] Level 1:colcon.colcon_core.package_discovery:discover_packages(path) discover
[0.226s] Level 1:colcon.colcon_core.package_discovery:discover_packages(path) using defaults
[0.248s] Level 1:colcon.colcon_core.package_discovery:discover_packages(prefix_path) check parameters
[0.248s] Level 1:colcon.colcon_core.package_discovery:discover_packages(prefix_path) discover
[0.249s] DEBUG:colcon.colcon_installed_package_information.package_discovery:Found 1 installed packages in /home/subhashini/dev_ws/src/bot_1705/install
[0.249s] DEBUG:colcon.colcon_installed_package_information.package_discovery:Found 1 installed packages in /home/subhashini/dev_ws/install
[0.250s] DEBUG:colcon.colcon_installed_package_information.package_discovery:Found 1 installed packages in /home/subhashini/dev1_ws/src/retrobotics_1705/install
[0.251s] DEBUG:colcon.colcon_installed_package_information.package_discovery:Found 334 installed packages in /opt/ros/humble
[0.252s] Level 1:colcon.colcon_core.package_discovery:discover_packages(prefix_path) using defaults
[0.284s] Level 5:colcon.colcon_core.verb:set package 'bot_1705' build argument 'cmake_args' from command line to 'None'
[0.284s] Level 5:colcon.colcon_core.verb:set package 'bot_1705' build argument 'cmake_target' from command line to 'None'
[0.284s] Level 5:colcon.colcon_core.verb:set package 'bot_1705' build argument 'cmake_target_skip_unavailable' from command line to 'False'
[0.284s] Level 5:colcon.colcon_core.verb:set package 'bot_1705' build argument 'cmake_clean_cache' from command line to 'False'
[0.284s] Level 5:colcon.colcon_core.verb:set package 'bot_1705' build argument 'cmake_clean_first' from command line to 'False'
[0.284s] Level 5:colcon.colcon_core.verb:set package 'bot_1705' build argument 'cmake_force_configure' from command line to 'False'
[0.284s] Level 5:colcon.colcon_core.verb:set package 'bot_1705' build argument 'ament_cmake_args' from command line to 'None'
[0.284s] Level 5:colcon.colcon_core.verb:set package 'bot_1705' build argument 'catkin_cmake_args' from command line to 'None'
[0.284s] Level 5:colcon.colcon_core.verb:set package 'bot_1705' build argument 'catkin_skip_building_tests' from command line to 'False'
[0.284s] DEBUG:colcon.colcon_core.verb:Building package 'bot_1705' with the following arguments: {'ament_cmake_args': None, 'build_base': '/home/subhashini/dev_ws/src/bot_1705/build/bot_1705', 'catkin_cmake_args': None, 'catkin_skip_building_tests': False, 'cmake_args': None, 'cmake_clean_cache': False, 'cmake_clean_first': False, 'cmake_force_configure': False, 'cmake_target': None, 'cmake_target_skip_unavailable': False, 'install_base': '/home/subhashini/dev_ws/src/bot_1705/install/bot_1705', 'merge_install': False, 'path': '/home/subhashini/dev_ws/src/bot_1705', 'symlink_install': False, 'test_result_base': None}
[0.284s] INFO:colcon.colcon_core.executor:Executing jobs using 'parallel' executor
[0.285s] DEBUG:colcon.colcon_parallel_executor.executor.parallel:run_until_complete
[0.285s] INFO:colcon.colcon_ros.task.ament_cmake.build:Building ROS package in '/home/subhashini/dev_ws/src/bot_1705' with build type 'ament_cmake'
[0.286s] INFO:colcon.colcon_cmake.task.cmake.build:Building CMake package in '/home/subhashini/dev_ws/src/bot_1705'
[0.287s] INFO:colcon.colcon_core.plugin_system:Skipping extension 'colcon_core.shell.bat': Not used on non-Windows systems
[0.287s] INFO:colcon.colcon_core.shell:Skip shell extension 'powershell' for command environment: Not usable outside of PowerShell
[0.287s] DEBUG:colcon.colcon_core.shell:Skip shell extension 'dsv' for command environment
[0.295s] DEBUG:colcon.colcon_core.event_handler.log_command:Invoking command in '/home/subhashini/dev_ws/src/bot_1705/build/bot_1705': CMAKE_PREFIX_PATH=${CMAKE_PREFIX_PATH}:/opt/ros/humble /usr/bin/cmake --build /home/subhashini/dev_ws/src/bot_1705/build/bot_1705 -- -j8 -l8
[0.321s] DEBUG:colcon.colcon_core.event_handler.log_command:Invoked command in '/home/subhashini/dev_ws/src/bot_1705/build/bot_1705' returned '0': CMAKE_PREFIX_PATH=${CMAKE_PREFIX_PATH}:/opt/ros/humble /usr/bin/cmake --build /home/subhashini/dev_ws/src/bot_1705/build/bot_1705 -- -j8 -l8
[0.328s] DEBUG:colcon.colcon_core.event_handler.log_command:Invoking command in '/home/subhashini/dev_ws/src/bot_1705/build/bot_1705': CMAKE_PREFIX_PATH=${CMAKE_PREFIX_PATH}:/opt/ros/humble /usr/bin/cmake --install /home/subhashini/dev_ws/src/bot_1705/build/bot_1705
[0.348s] Level 1:colcon.colcon_core.environment:create_environment_scripts_only(bot_1705)
[0.348s] DEBUG:colcon.colcon_core.event_handler.log_command:Invoked command in '/home/subhashini/dev_ws/src/bot_1705/build/bot_1705' returned '0': CMAKE_PREFIX_PATH=${CMAKE_PREFIX_PATH}:/opt/ros/humble /usr/bin/cmake --install /home/subhashini/dev_ws/src/bot_1705/build/bot_1705
[0.350s] Level 1:colcon.colcon_core.environment:checking '/home/subhashini/dev_ws/src/bot_1705/install/bot_1705' for CMake module files
[0.350s] Level 1:colcon.colcon_core.environment:checking '/home/subhashini/dev_ws/src/bot_1705/install/bot_1705' for CMake config files
[0.351s] Level 1:colcon.colcon_core.shell:create_environment_hook('bot_1705', 'cmake_prefix_path')
[0.351s] INFO:colcon.colcon_core.shell:Creating environment hook '/home/subhashini/dev_ws/src/bot_1705/install/bot_1705/share/bot_1705/hook/cmake_prefix_path.ps1'
[0.351s] INFO:colcon.colcon_core.shell:Creating environment descriptor '/home/subhashini/dev_ws/src/bot_1705/install/bot_1705/share/bot_1705/hook/cmake_prefix_path.dsv'
[0.352s] INFO:colcon.colcon_core.shell:Creating environment hook '/home/subhashini/dev_ws/src/bot_1705/install/bot_1705/share/bot_1705/hook/cmake_prefix_path.sh'
[0.353s] Level 1:colcon.colcon_core.environment:checking '/home/subhashini/dev_ws/src/bot_1705/install/bot_1705/bin'
[0.353s] Level 1:colcon.colcon_core.environment:checking '/home/subhashini/dev_ws/src/bot_1705/install/bot_1705/lib/pkgconfig/bot_1705.pc'
[0.353s] Level 1:colcon.colcon_core.environment:checking '/home/subhashini/dev_ws/src/bot_1705/install/bot_1705/lib/python3.10/site-packages'
[0.353s] Level 1:colcon.colcon_core.environment:checking '/home/subhashini/dev_ws/src/bot_1705/install/bot_1705/bin'
[0.353s] INFO:colcon.colcon_core.shell:Creating package script '/home/subhashini/dev_ws/src/bot_1705/install/bot_1705/share/bot_1705/package.ps1'
[0.354s] INFO:colcon.colcon_core.shell:Creating package descriptor '/home/subhashini/dev_ws/src/bot_1705/install/bot_1705/share/bot_1705/package.dsv'
[0.354s] INFO:colcon.colcon_core.shell:Creating package script '/home/subhashini/dev_ws/src/bot_1705/install/bot_1705/share/bot_1705/package.sh'
[0.355s] INFO:colcon.colcon_core.shell:Creating package script '/home/subhashini/dev_ws/src/bot_1705/install/bot_1705/share/bot_1705/package.bash'
[0.355s] INFO:colcon.colcon_core.shell:Creating package script '/home/subhashini/dev_ws/src/bot_1705/install/bot_1705/share/bot_1705/package.zsh'
[0.356s] Level 1:colcon.colcon_core.environment:create_file_with_runtime_dependencies(/home/subhashini/dev_ws/src/bot_1705/install/bot_1705/share/colcon-core/packages/bot_1705)
[0.356s] Level 1:colcon.colcon_core.environment:create_environment_scripts_only(bot_1705)
[0.357s] Level 1:colcon.colcon_core.environment:checking '/home/subhashini/dev_ws/src/bot_1705/install/bot_1705' for CMake module files
[0.357s] Level 1:colcon.colcon_core.environment:checking '/home/subhashini/dev_ws/src/bot_1705/install/bot_1705' for CMake config files
[0.357s] Level 1:colcon.colcon_core.shell:create_environment_hook('bot_1705', 'cmake_prefix_path')
[0.358s] INFO:colcon.colcon_core.shell:Creating environment hook '/home/subhashini/dev_ws/src/bot_1705/install/bot_1705/share/bot_1705/hook/cmake_prefix_path.ps1'
[0.358s] INFO:colcon.colcon_core.shell:Creating environment descriptor '/home/subhashini/dev_ws/src/bot_1705/install/bot_1705/share/bot_1705/hook/cmake_prefix_path.dsv'
[0.358s] INFO:colcon.colcon_core.shell:Creating environment hook '/home/subhashini/dev_ws/src/bot_1705/install/bot_1705/share/bot_1705/hook/cmake_prefix_path.sh'
[0.359s] Level 1:colcon.colcon_core.environment:checking '/home/subhashini/dev_ws/src/bot_1705/install/bot_1705/bin'
[0.359s] Level 1:colcon.colcon_core.environment:checking '/home/subhashini/dev_ws/src/bot_1705/install/bot_1705/lib/pkgconfig/bot_1705.pc'
[0.359s] Level 1:colcon.colcon_core.environment:checking '/home/subhashini/dev_ws/src/bot_1705/install/bot_1705/lib/python3.10/site-packages'
[0.359s] Level 1:colcon.colcon_core.environment:checking '/home/subhashini/dev_ws/src/bot_1705/install/bot_1705/bin'
[0.359s] INFO:colcon.colcon_core.shell:Creating package script '/home/subhashini/dev_ws/src/bot_1705/install/bot_1705/share/bot_1705/package.ps1'
[0.360s] INFO:colcon.colcon_core.shell:Creating package descriptor '/home/subhashini/dev_ws/src/bot_1705/install/bot_1705/share/bot_1705/package.dsv'
[0.360s] INFO:colcon.colcon_core.shell:Creating package script '/home/subhashini/dev_ws/src/bot_1705/install/bot_1705/share/bot_1705/package.sh'
[0.360s] INFO:colcon.colcon_core.shell:Creating package script '/home/subhashini/dev_ws/src/bot_1705/install/bot_1705/share/bot_1705/package.bash'
[0.361s] INFO:colcon.colcon_core.shell:Creating package script '/home/subhashini/dev_ws/src/bot_1705/install/bot_1705/share/bot_1705/package.zsh'
[0.361s] Level 1:colcon.colcon_core.environment:create_file_with_runtime_dependencies(/home/subhashini/dev_ws/src/bot_1705/install/bot_1705/share/colcon-core/packages/bot_1705)
[0.361s] DEBUG:colcon.colcon_parallel_executor.executor.parallel:closing loop
[0.361s] DEBUG:colcon.colcon_parallel_executor.executor.parallel:loop closed
[0.361s] DEBUG:colcon.colcon_parallel_executor.executor.parallel:run_until_complete finished with '0'
[0.362s] DEBUG:colcon.colcon_core.event_reactor:joining thread
[0.365s] INFO:colcon.colcon_core.plugin_system:Skipping extension 'colcon_notification.desktop_notification.terminal_notifier': Not used on non-Darwin systems
[0.365s] INFO:colcon.colcon_core.plugin_system:Skipping extension 'colcon_notification.desktop_notification.win32': Not used on non-Windows systems
[0.365s] INFO:colcon.colcon_notification.desktop_notification:Sending desktop notification using 'notify2'
[0.375s] DEBUG:colcon.colcon_core.event_reactor:joined thread
[0.375s] INFO:colcon.colcon_core.shell:Creating prefix script '/home/subhashini/dev_ws/src/bot_1705/install/local_setup.ps1'
[0.376s] INFO:colcon.colcon_core.shell:Creating prefix util module '/home/subhashini/dev_ws/src/bot_1705/install/_local_setup_util_ps1.py'
[0.377s] INFO:colcon.colcon_core.shell:Creating prefix chain script '/home/subhashini/dev_ws/src/bot_1705/install/setup.ps1'
[0.379s] INFO:colcon.colcon_core.shell:Creating prefix script '/home/subhashini/dev_ws/src/bot_1705/install/local_setup.sh'
[0.380s] INFO:colcon.colcon_core.shell:Creating prefix util module '/home/subhashini/dev_ws/src/bot_1705/install/_local_setup_util_sh.py'
[0.380s] INFO:colcon.colcon_core.shell:Creating prefix chain script '/home/subhashini/dev_ws/src/bot_1705/install/setup.sh'
[0.382s] INFO:colcon.colcon_core.shell:Creating prefix script '/home/subhashini/dev_ws/src/bot_1705/install/local_setup.bash'
[0.382s] INFO:colcon.colcon_core.shell:Creating prefix chain script '/home/subhashini/dev_ws/src/bot_1705/install/setup.bash'
[0.383s] INFO:colcon.colcon_core.shell:Creating prefix script '/home/subhashini/dev_ws/src/bot_1705/install/local_setup.zsh'
[0.384s] INFO:colcon.colcon_core.shell:Creating prefix chain script '/home/subhashini/dev_ws/src/bot_1705/install/setup.zsh'
