[0.007s] Invoking command in '/home/subhashini/dev_ws/src/bot_1705/build/bot_1705': CMAKE_PREFIX_PATH=${CMAKE_PREFIX_PATH}:/home/subhashini/dev_ws/install/serial_motor_demo:/opt/ros/humble /usr/bin/cmake /home/subhashini/dev_ws/src/bot_1705 -DAMENT_CMAKE_SYMLINK_INSTALL=1 -DCMAKE_INSTALL_PREFIX=/home/subhashini/dev_ws/src/bot_1705/install/bot_1705
[0.094s] -- The C compiler identification is GNU 11.4.0
[0.169s] -- The CXX compiler identification is GNU 11.4.0
[0.178s] -- Detecting C compiler ABI info
[0.232s] -- Detecting C compiler ABI info - done
[0.238s] -- Check for working C compiler: /usr/bin/cc - skipped
[0.239s] -- Detecting C compile features
[0.239s] -- Detecting C compile features - done
[0.242s] -- Detecting CXX compiler ABI info
[0.306s] -- Detecting CXX compiler ABI info - done
[0.313s] -- Check for working CXX compiler: /usr/bin/c++ - skipped
[0.313s] -- Detecting CXX compile features
[0.314s] -- Detecting CXX compile features - done
[0.318s] -- Found ament_cmake: 1.3.11 (/opt/ros/humble/share/ament_cmake/cmake)
[0.440s] -- Found Python3: /usr/bin/python3 (found version "3.10.12") found components: Interpreter 
[0.493s] -- Override CMake install command with custom implementation using symlinks instead of copying resources
[0.518s] -- Found ament_lint_auto: 0.12.12 (/opt/ros/humble/share/ament_lint_auto/cmake)
[0.585s] -- Added test 'copyright' to check source files copyright and LICENSE
[0.590s] -- Added test 'cppcheck' to perform static code analysis on C / C++ code
[0.590s] -- Configured cppcheck include dirs: 
[0.590s] -- Configured cppcheck exclude dirs and/or files: 
[0.595s] -- Added test 'cpplint' to check C / C++ code against the Google style
[0.595s] -- Configured cpplint exclude dirs and/or files: 
[0.596s] -- Added test 'flake8' to check Python code syntax and style conventions
[0.598s] -- Added test 'lint_cmake' to check CMake code style
[0.599s] -- Added test 'pep257' to check Python code against some of the docstring style conventions in PEP 257
[0.603s] -- Added test 'uncrustify' to check C / C++ code style
[0.604s] -- Configured uncrustify additional arguments: 
[0.605s] -- Added test 'xmllint' to check XML markup files
[0.606s] -- Configuring done
[0.608s] -- Generating done
[0.609s] -- Build files have been written to: /home/subhashini/dev_ws/src/bot_1705/build/bot_1705
[0.613s] Invoked command in '/home/subhashini/dev_ws/src/bot_1705/build/bot_1705' returned '0': CMAKE_PREFIX_PATH=${CMAKE_PREFIX_PATH}:/home/subhashini/dev_ws/install/serial_motor_demo:/opt/ros/humble /usr/bin/cmake /home/subhashini/dev_ws/src/bot_1705 -DAMENT_CMAKE_SYMLINK_INSTALL=1 -DCMAKE_INSTALL_PREFIX=/home/subhashini/dev_ws/src/bot_1705/install/bot_1705
[0.614s] Invoking command in '/home/subhashini/dev_ws/src/bot_1705/build/bot_1705': CMAKE_PREFIX_PATH=${CMAKE_PREFIX_PATH}:/home/subhashini/dev_ws/install/serial_motor_demo:/opt/ros/humble /usr/bin/cmake --build /home/subhashini/dev_ws/src/bot_1705/build/bot_1705 -- -j8 -l8
[0.640s] Invoked command in '/home/subhashini/dev_ws/src/bot_1705/build/bot_1705' returned '0': CMAKE_PREFIX_PATH=${CMAKE_PREFIX_PATH}:/home/subhashini/dev_ws/install/serial_motor_demo:/opt/ros/humble /usr/bin/cmake --build /home/subhashini/dev_ws/src/bot_1705/build/bot_1705 -- -j8 -l8
[0.646s] Invoking command in '/home/subhashini/dev_ws/src/bot_1705/build/bot_1705': CMAKE_PREFIX_PATH=${CMAKE_PREFIX_PATH}:/home/subhashini/dev_ws/install/serial_motor_demo:/opt/ros/humble /usr/bin/cmake --install /home/subhashini/dev_ws/src/bot_1705/build/bot_1705
[0.652s] -- Install configuration: ""
[0.652s] -- Execute custom install script
[0.652s] -- Symlinking: /home/subhashini/dev_ws/src/bot_1705/install/bot_1705/share/bot_1705/config/drive_bot.rviz
[0.658s] -- Symlinking: /home/subhashini/dev_ws/src/bot_1705/install/bot_1705/share/bot_1705/config/empty.yaml
[0.664s] -- Symlinking: /home/subhashini/dev_ws/src/bot_1705/install/bot_1705/share/bot_1705/config/view_bot.rviz
[0.670s] -- Symlinking: /home/subhashini/dev_ws/src/bot_1705/install/bot_1705/share/bot_1705/description/gazebo_control.xacro
[0.676s] -- Symlinking: /home/subhashini/dev_ws/src/bot_1705/install/bot_1705/share/bot_1705/description/inertial_macros.xacro
[0.682s] -- Symlinking: /home/subhashini/dev_ws/src/bot_1705/install/bot_1705/share/bot_1705/description/lidar.xacro
[0.688s] -- Symlinking: /home/subhashini/dev_ws/src/bot_1705/install/bot_1705/share/bot_1705/description/robot.urdf.xacro
[0.694s] -- Symlinking: /home/subhashini/dev_ws/src/bot_1705/install/bot_1705/share/bot_1705/description/robot_core.xacro
[0.700s] -- Symlinking: /home/subhashini/dev_ws/src/bot_1705/install/bot_1705/share/bot_1705/launch/launch_sim.launch.py
[0.706s] -- Symlinking: /home/subhashini/dev_ws/src/bot_1705/install/bot_1705/share/bot_1705/launch/rsp.launch.py
[0.712s] -- Symlinking: /home/subhashini/dev_ws/src/bot_1705/install/bot_1705/share/bot_1705/worlds/empty.world
[0.718s] -- Symlinking: /home/subhashini/dev_ws/src/bot_1705/install/bot_1705/share/bot_1705/worlds/obstacles.world
[0.724s] -- Symlinking: /home/subhashini/dev_ws/src/bot_1705/install/bot_1705/share/ament_index/resource_index/package_run_dependencies/bot_1705
[0.731s] -- Symlinking: /home/subhashini/dev_ws/src/bot_1705/install/bot_1705/share/ament_index/resource_index/parent_prefix_path/bot_1705
[0.737s] -- Symlinking: /home/subhashini/dev_ws/src/bot_1705/install/bot_1705/share/bot_1705/environment/ament_prefix_path.sh
[0.744s] -- Symlinking: /home/subhashini/dev_ws/src/bot_1705/install/bot_1705/share/bot_1705/environment/ament_prefix_path.dsv
[0.750s] -- Symlinking: /home/subhashini/dev_ws/src/bot_1705/install/bot_1705/share/bot_1705/environment/path.sh
[0.757s] -- Symlinking: /home/subhashini/dev_ws/src/bot_1705/install/bot_1705/share/bot_1705/environment/path.dsv
[0.763s] -- Symlinking: /home/subhashini/dev_ws/src/bot_1705/install/bot_1705/share/bot_1705/local_setup.bash
[0.769s] -- Symlinking: /home/subhashini/dev_ws/src/bot_1705/install/bot_1705/share/bot_1705/local_setup.sh
[0.776s] -- Symlinking: /home/subhashini/dev_ws/src/bot_1705/install/bot_1705/share/bot_1705/local_setup.zsh
[0.781s] -- Symlinking: /home/subhashini/dev_ws/src/bot_1705/install/bot_1705/share/bot_1705/local_setup.dsv
[0.787s] -- Symlinking: /home/subhashini/dev_ws/src/bot_1705/install/bot_1705/share/bot_1705/package.dsv
[0.793s] -- Symlinking: /home/subhashini/dev_ws/src/bot_1705/install/bot_1705/share/ament_index/resource_index/packages/bot_1705
[0.799s] -- Symlinking: /home/subhashini/dev_ws/src/bot_1705/install/bot_1705/share/bot_1705/cmake/bot_1705Config.cmake
[0.804s] -- Symlinking: /home/subhashini/dev_ws/src/bot_1705/install/bot_1705/share/bot_1705/cmake/bot_1705Config-version.cmake
[0.810s] -- Symlinking: /home/subhashini/dev_ws/src/bot_1705/install/bot_1705/share/bot_1705/package.xml
[0.818s] Invoked command in '/home/subhashini/dev_ws/src/bot_1705/build/bot_1705' returned '0': CMAKE_PREFIX_PATH=${CMAKE_PREFIX_PATH}:/home/subhashini/dev_ws/install/serial_motor_demo:/opt/ros/humble /usr/bin/cmake --install /home/subhashini/dev_ws/src/bot_1705/build/bot_1705
